<?xml version="1.0" encoding="utf-8" standalone="no"?>
<test-run id="2" testcasecount="0" result="Failed" label="Invalid" total="0" passed="0" failed="0" inconclusive="0" skipped="0" asserts="0" engine-version="3.10.0.0" clr-version="4.0.30319.42000" start-time="2019-09-20 09:35:08Z" end-time="2019-09-20 09:35:09Z" duration="1.334409">
  <command-line><![CDATA[nunit3-console.exe  FSE_API.Tests.dll]]></command-line>
  <test-suite type="Assembly" id="0-1" name="FSE_API.Tests.dll" fullname="C:\PROD_SUPP\SOAP Requests\FSE\FSE_API\packages\NUnit.ConsoleRunner.3.10.0\tools\FSE_API.Tests.dll" testcasecount="0" runstate="NotRunnable" result="Failed" label="Invalid">
    <properties>
      <property name="_SKIPREASON" value="No suitable tests found in 'C:\PROD_SUPP\SOAP Requests\FSE\FSE_API\packages\NUnit.ConsoleRunner.3.10.0\tools\FSE_API.Tests.dll'.&#xA;Either assembly contains no tests or proper test driver has not been found." />
    </properties>
    <reason>
      <message>No suitable tests found in 'C:\PROD_SUPP\SOAP Requests\FSE\FSE_API\packages\NUnit.ConsoleRunner.3.10.0\tools\FSE_API.Tests.dll'.
Either assembly contains no tests or proper test driver has not been found.</message>
    </reason>
  </test-suite>
</test-run>